{
  "RSpec": {
    "coverage": {
      "/Users/anthonydegennaro/challenges/exReg/app/models/account.rb": [
        1,
        1,
        null,
        1,
        null,
        null,
        1,
        null,
        null,
        null,
        null,
        null,
        null,
        null,
        null,
        null,
        null,
        null,
        null,
        null,
        1,
        1,
        1,
        1,
        1,
        null,
        1,
        null,
        1,
        1,
        null,
        null
      ],
      "/Users/anthonydegennaro/challenges/exReg/app/models/application_record.rb": [
        1,
        1,
        null,
        1,
        0,
        null,
        null
      ],
      "/Users/anthonydegennaro/challenges/exReg/app/helpers/application_helper.rb": [
        1,
        1,
        624,
        null,
        null,
        1,
        285,
        null,
        null,
        1,
        175,
        null,
        null
      ],
      "/Users/anthonydegennaro/challenges/exReg/app/models/admin.rb": [
        1,
        1,
        1,
        1,
        null
      ],
      "/Users/anthonydegennaro/challenges/exReg/app/models/contact.rb": [
        1,
        1,
        1,
        1,
        1,
        null,
        1,
        1,
        1,
        1,
        null
      ],
      "/Users/anthonydegennaro/challenges/exReg/app/models/teacher.rb": [
        1,
        1,
        1,
        1,
        1,
        1,
        1,
        1,
        1,
        1,
        1,
        null,
        1,
        1,
        null,
        1,
        288,
        72,
        36,
        null,
        null,
        1,
        288,
        72,
        36,
        null,
        null,
        1,
        null,
        1,
        110,
        null,
        null,
        1,
        55,
        102,
        null,
        3,
        null,
        null,
        1,
        1,
        null,
        null,
        1,
        1,
        null,
        null
      ],
      "/Users/anthonydegennaro/challenges/exReg/app/models/availability.rb": [
        1,
        1,
        1,
        1,
        null,
        1,
        null,
        null,
        null,
        null,
        null,
        null,
        null,
        null,
        null,
        1,
        1,
        1,
        1,
        1,
        null,
        1,
        null,
        1,
        1820,
        null,
        null,
        1,
        910,
        null,
        327,
        6,
        null,
        null,
        null,
        1,
        910,
        null,
        327,
        null,
        null
      ],
      "/Users/anthonydegennaro/challenges/exReg/app/models/family.rb": [
        1,
        1,
        1,
        1,
        null
      ],
      "/Users/anthonydegennaro/challenges/exReg/app/controllers/welcome_controller.rb": [
        1,
        1,
        null,
        null
      ],
      "/Users/anthonydegennaro/challenges/exReg/app/controllers/permissions_controller.rb": [
        1,
        1,
        167,
        167,
        3,
        3,
        1,
        null,
        2,
        null,
        null,
        null,
        null
      ],
      "/Users/anthonydegennaro/challenges/exReg/app/controllers/application_controller.rb": [
        1,
        1,
        1,
        null,
        1,
        97,
        1,
        96,
        51,
        45,
        12,
        null,
        33,
        null,
        null,
        null,
        1,
        null,
        1,
        215,
        null,
        null,
        null,
        null,
        null,
        null,
        null,
        null,
        null,
        null,
        null,
        null,
        null,
        null,
        null,
        null,
        null,
        null,
        null,
        213,
        null,
        null,
        null,
        null,
        null,
        null,
        null,
        null,
        null,
        null,
        null,
        null,
        1,
        6,
        37,
        28,
        28,
        28,
        null,
        null,
        null,
        null,
        1,
        51,
        51,
        null,
        51,
        357,
        null,
        null,
        51,
        337,
        null,
        null,
        null
      ],
      "/Users/anthonydegennaro/challenges/exReg/app/controllers/admin_controller.rb": [
        1,
        1,
        1,
        null,
        1,
        60,
        60,
        60,
        null,
        null,
        1,
        3,
        3,
        3,
        null,
        null,
        1,
        3,
        3,
        3,
        3,
        3,
        3,
        1,
        1,
        null,
        2,
        2,
        null,
        null,
        null,
        1,
        3,
        3,
        3,
        null,
        null,
        1,
        null,
        1,
        null,
        null,
        null,
        null,
        null,
        null,
        null,
        null,
        null,
        null,
        3,
        null,
        null
      ],
      "/Users/anthonydegennaro/challenges/exReg/app/models/inquiry.rb": [
        1,
        1,
        1,
        null,
        1,
        1,
        null
      ],
      "/Users/anthonydegennaro/challenges/exReg/app/models/student.rb": [
        1,
        1,
        1,
        1,
        1,
        1,
        1,
        1,
        1,
        1,
        null,
        1,
        1,
        1,
        1,
        1,
        1,
        null,
        1,
        null,
        1,
        78,
        95,
        null,
        3,
        null,
        null,
        1,
        1,
        null,
        null,
        1,
        1,
        null,
        null,
        null
      ],
      "/Users/anthonydegennaro/challenges/exReg/app/controllers/teachers_controller.rb": [
        1,
        1,
        1,
        null,
        1,
        34,
        39,
        null,
        null,
        1,
        32,
        32,
        32,
        53,
        53,
        32,
        12,
        null,
        32,
        32,
        32,
        32,
        32,
        224,
        224,
        64,
        null,
        160,
        null,
        224,
        64,
        null,
        160,
        null,
        224,
        null,
        32,
        null,
        null,
        null,
        null,
        null,
        null,
        32,
        54,
        42,
        null,
        null,
        null,
        1,
        3,
        3,
        3,
        3,
        3,
        21,
        null,
        3,
        null,
        null,
        1,
        3,
        3,
        3,
        3,
        3,
        3,
        3,
        1,
        1,
        1,
        null,
        2,
        2,
        null,
        null,
        null,
        1,
        11,
        11,
        11,
        22,
        11,
        null,
        null,
        null,
        1,
        8,
        8,
        8,
        2,
        2,
        2,
        1,
        null,
        1,
        null,
        null,
        6,
        6,
        null,
        null,
        null,
        1,
        1,
        1,
        1,
        1,
        null,
        null,
        1,
        null,
        1,
        null,
        null,
        null,
        null,
        null,
        null,
        null,
        null,
        null,
        null,
        null,
        11,
        null,
        null
      ],
      "/Users/anthonydegennaro/challenges/exReg/app/models/lesson.rb": [
        1,
        1,
        1,
        1,
        1,
        1,
        null,
        1,
        1,
        1,
        1,
        1,
        1,
        1,
        1,
        1,
        1,
        1,
        1,
        null,
        1,
        21,
        null,
        null,
        1,
        7,
        null,
        null,
        1,
        18,
        null,
        null,
        1,
        18,
        null,
        null,
        1,
        34,
        34,
        12,
        4,
        null,
        null,
        34,
        null,
        null,
        1,
        34,
        null,
        null,
        1,
        21,
        12,
        9,
        0,
        null,
        9,
        null,
        null,
        null
      ],
      "/Users/anthonydegennaro/challenges/exReg/app/controllers/dashboard_controller.rb": [
        1,
        1,
        47,
        47,
        47,
        18,
        2,
        null,
        null,
        null,
        null
      ],
      "/Users/anthonydegennaro/challenges/exReg/app/models/instrument.rb": [
        1,
        1,
        1,
        null,
        1,
        null
      ],
      "/Users/anthonydegennaro/challenges/exReg/app/controllers/students_controller.rb": [
        1,
        1,
        null,
        1,
        3,
        null,
        null,
        1,
        9,
        9,
        9,
        9,
        63,
        null,
        9,
        9,
        null,
        null,
        1,
        7,
        7,
        7,
        7,
        2,
        2,
        2,
        null,
        5,
        5,
        null,
        null,
        null,
        1,
        5,
        5,
        null,
        null,
        1,
        4,
        4,
        4,
        8,
        4,
        null,
        null,
        null,
        1,
        4,
        4,
        4,
        1,
        1,
        1,
        null,
        3,
        3,
        null,
        null,
        null,
        1,
        2,
        2,
        1,
        1,
        null,
        1,
        1,
        1,
        null,
        null,
        null,
        1,
        null,
        1,
        null,
        null,
        null,
        null,
        null,
        null,
        11,
        null,
        null
      ],
      "/Users/anthonydegennaro/challenges/exReg/app/controllers/registrations_controller.rb": [
        1,
        1,
        4,
        4,
        4,
        4,
        null,
        null,
        1,
        4,
        4,
        null,
        null,
        1,
        2,
        2,
        null,
        null,
        1,
        2,
        2,
        null,
        null,
        1,
        null,
        1,
        1,
        null,
        null
      ],
      "/Users/anthonydegennaro/challenges/exReg/app/models/price.rb": [
        1,
        1,
        1,
        1,
        1,
        null,
        1,
        13,
        null,
        null,
        1,
        null,
        1,
        35,
        34,
        1,
        33,
        1,
        null,
        null,
        null,
        null
      ],
      "/Users/anthonydegennaro/challenges/exReg/app/controllers/api/v1/calendar_controller.rb": [
        1,
        1,
        null,
        null,
        1,
        4,
        4,
        4,
        4,
        4,
        12,
        4,
        4,
        4,
        28,
        28,
        8,
        null,
        20,
        null,
        28,
        8,
        null,
        20,
        null,
        28,
        null,
        4,
        null,
        null,
        null,
        null,
        null,
        null,
        4,
        null,
        null,
        1,
        1,
        1,
        1,
        1,
        1,
        1,
        null,
        null,
        null,
        null
      ],
      "/Users/anthonydegennaro/challenges/exReg/app/models/missed_lesson.rb": [
        1,
        1,
        1,
        null,
        1,
        null
      ],
      "/Users/anthonydegennaro/challenges/exReg/app/controllers/contacts_controller.rb": [
        1,
        1,
        10,
        10,
        24,
        null,
        null,
        1,
        2,
        null,
        null,
        1,
        2,
        2,
        1,
        1,
        null,
        1,
        1,
        null,
        null,
        null,
        1,
        2,
        null,
        null,
        1,
        2,
        2,
        1,
        1,
        null,
        1,
        1,
        null,
        null,
        null,
        1,
        2,
        2,
        1,
        1,
        null,
        1,
        1,
        1,
        null,
        null,
        null,
        1,
        1,
        1,
        3,
        1,
        1,
        null,
        null,
        1,
        null,
        1,
        null,
        null,
        null,
        null,
        null,
        null,
        null,
        2,
        null,
        null,
        1,
        2,
        null,
        null,
        null,
        null,
        null,
        null,
        null,
        null,
        null
      ],
      "/Users/anthonydegennaro/challenges/exReg/app/controllers/excused_absences_controller.rb": [
        1,
        1,
        1,
        null,
        1,
        7,
        7,
        null,
        null,
        1,
        2,
        2,
        1,
        1,
        null,
        1,
        1,
        null,
        null,
        null,
        1,
        2,
        2,
        1,
        null,
        1,
        null,
        2,
        null,
        null,
        1,
        null,
        1,
        4,
        null,
        null,
        null,
        null
      ],
      "/Users/anthonydegennaro/challenges/exReg/app/models/excused_absence.rb": [
        1,
        1,
        null
      ],
      "/Users/anthonydegennaro/challenges/exReg/app/controllers/inquiries_controller.rb": [
        1,
        1,
        null,
        1,
        2,
        2,
        2,
        null,
        null,
        1,
        2,
        2,
        2,
        2,
        2,
        2,
        null,
        0,
        0,
        null,
        null,
        null,
        1,
        1,
        1,
        1,
        null,
        null,
        1,
        1,
        1,
        1,
        1,
        1,
        1,
        null,
        0,
        0,
        null,
        null,
        null,
        1,
        3,
        null,
        null,
        null,
        null,
        null,
        null,
        null,
        null
      ],
      "/Users/anthonydegennaro/challenges/exReg/app/controllers/instruments_controller.rb": [
        1,
        1,
        1,
        null,
        1,
        8,
        8,
        null,
        null,
        1,
        2,
        2,
        1,
        1,
        null,
        1,
        1,
        null,
        null,
        null,
        1,
        2,
        null,
        null,
        1,
        2,
        2,
        1,
        1,
        null,
        1,
        1,
        null,
        null,
        null,
        1,
        1,
        1,
        1,
        1,
        null,
        null,
        1,
        null,
        1,
        4,
        null,
        null,
        null,
        null
      ],
      "/Users/anthonydegennaro/challenges/exReg/app/models/teacher_instrument.rb": [
        1,
        1,
        null,
        1,
        1,
        null
      ],
      "/Users/anthonydegennaro/challenges/exReg/app/controllers/lessons_controller.rb": [
        1,
        1,
        2,
        2,
        2,
        2,
        2,
        2,
        2,
        2,
        null,
        null,
        1,
        2,
        2,
        2,
        2,
        2,
        2,
        2,
        2,
        2,
        2,
        2,
        1,
        1,
        1,
        1,
        null,
        1,
        1,
        null,
        null,
        null,
        1,
        2,
        2,
        2,
        2,
        4,
        null,
        null,
        null,
        null,
        1,
        2,
        2,
        2,
        2,
        1,
        null,
        1,
        null,
        null,
        null,
        1,
        null,
        1,
        2,
        null,
        null,
        null,
        null,
        null,
        null,
        null,
        null,
        null,
        null,
        null,
        null,
        null,
        null,
        null
      ],
      "/Users/anthonydegennaro/challenges/exReg/app/models/reason.rb": [
        1,
        1,
        null,
        1,
        null
      ],
      "/Users/anthonydegennaro/challenges/exReg/app/controllers/missed_lessons_controller.rb": [
        1,
        1,
        4,
        4,
        4,
        4,
        4,
        2,
        null,
        4,
        4,
        2,
        null,
        2,
        null,
        null,
        null,
        1,
        null,
        1,
        null,
        null,
        null,
        null,
        4,
        null,
        null
      ],
      "/Users/anthonydegennaro/challenges/exReg/app/controllers/prices_controller.rb": [
        1,
        1,
        1,
        null,
        1,
        10,
        10,
        null,
        null,
        1,
        4,
        4,
        1,
        1,
        null,
        3,
        3,
        null,
        null,
        null,
        1,
        2,
        null,
        null,
        1,
        2,
        2,
        1,
        1,
        null,
        1,
        1,
        null,
        null,
        null,
        1,
        1,
        1,
        1,
        1,
        null,
        null,
        1,
        null,
        1,
        6,
        null,
        null,
        null,
        null,
        null,
        null
      ],
      "/Users/anthonydegennaro/challenges/exReg/app/controllers/reasons_controller.rb": [
        1,
        1,
        1,
        null,
        1,
        8,
        8,
        null,
        null,
        1,
        2,
        2,
        1,
        1,
        null,
        1,
        1,
        null,
        null,
        null,
        1,
        2,
        null,
        null,
        1,
        2,
        2,
        1,
        1,
        null,
        1,
        1,
        null,
        null,
        null,
        1,
        1,
        1,
        1,
        1,
        null,
        null,
        1,
        null,
        1,
        4,
        null,
        null,
        null,
        null,
        null,
        null
      ],
      "/Users/anthonydegennaro/challenges/exReg/app/controllers/teacher_instruments_controller.rb": [
        1,
        1,
        1,
        null,
        1,
        6,
        6,
        6,
        null,
        null,
        1,
        3,
        3,
        3,
        3,
        2,
        2,
        null,
        1,
        1,
        null,
        null,
        null,
        1,
        1,
        1,
        1,
        1,
        null,
        null,
        1,
        null,
        1,
        3,
        null,
        null,
        null,
        null,
        null
      ],
      "/Users/anthonydegennaro/challenges/exReg/app/channels/application_cable/channel.rb": [
        0,
        0,
        0,
        0,
        0
      ],
      "/Users/anthonydegennaro/challenges/exReg/app/channels/application_cable/connection.rb": [
        0,
        0,
        0,
        0,
        0
      ],
      "/Users/anthonydegennaro/challenges/exReg/app/jobs/application_job.rb": [
        0,
        0
      ],
      "/Users/anthonydegennaro/challenges/exReg/app/mailers/application_mailer.rb": [
        0,
        0,
        0,
        0
      ]
    },
    "timestamp": 1470451557
  }
}
